21.10.2014 18:51:04.315 [main] ERROR client.HelloImpl - Certificat error
javax.net.ssl.SSLHandshakeException: java.security.cert.CertificateException: No name matching localhost found
	at sun.security.ssl.Alerts.getSSLException(Unknown Source) ~[na:1.7.0_67]
	at sun.security.ssl.SSLSocketImpl.fatal(Unknown Source) ~[na:1.7.0_67]
	at sun.security.ssl.Handshaker.fatalSE(Unknown Source) ~[na:1.7.0_67]
	at sun.security.ssl.Handshaker.fatalSE(Unknown Source) ~[na:1.7.0_67]
	at sun.security.ssl.ClientHandshaker.serverCertificate(Unknown Source) ~[na:1.7.0_67]
	at sun.security.ssl.ClientHandshaker.processMessage(Unknown Source) ~[na:1.7.0_67]
	at sun.security.ssl.Handshaker.processLoop(Unknown Source) ~[na:1.7.0_67]
	at sun.security.ssl.Handshaker.process_record(Unknown Source) ~[na:1.7.0_67]
	at sun.security.ssl.SSLSocketImpl.readRecord(Unknown Source) ~[na:1.7.0_67]
	at sun.security.ssl.SSLSocketImpl.performInitialHandshake(Unknown Source) ~[na:1.7.0_67]
	at sun.security.ssl.SSLSocketImpl.startHandshake(Unknown Source) ~[na:1.7.0_67]
	at sun.security.ssl.SSLSocketImpl.startHandshake(Unknown Source) ~[na:1.7.0_67]
	at sun.net.www.protocol.https.HttpsClient.afterConnect(Unknown Source) ~[na:1.7.0_67]
	at sun.net.www.protocol.https.AbstractDelegateHttpsURLConnection.connect(Unknown Source) ~[na:1.7.0_67]
	at sun.net.www.protocol.http.HttpURLConnection.getInputStream(Unknown Source) ~[na:1.7.0_67]
	at java.net.HttpURLConnection.getResponseCode(Unknown Source) ~[na:1.7.0_67]
	at sun.net.www.protocol.https.HttpsURLConnectionImpl.getResponseCode(Unknown Source) ~[na:1.7.0_67]
	at client.HelloImpl.getCertificates(HelloImpl.java:43) [bin/:na]
	at client.HelloImpl.hello(HelloImpl.java:37) [bin/:na]
	at client.HelloImplTest.testHello(HelloImplTest.java:12) [bin/:na]
	at sun.reflect.NativeMethodAccessorImpl.invoke0(Native Method) ~[na:1.7.0_67]
	at sun.reflect.NativeMethodAccessorImpl.invoke(Unknown Source) ~[na:1.7.0_67]
	at sun.reflect.DelegatingMethodAccessorImpl.invoke(Unknown Source) ~[na:1.7.0_67]
	at java.lang.reflect.Method.invoke(Unknown Source) ~[na:1.7.0_67]
	at org.junit.runners.model.FrameworkMethod$1.runReflectiveCall(FrameworkMethod.java:47) [junit-4.11.jar:na]
	at org.junit.internal.runners.model.ReflectiveCallable.run(ReflectiveCallable.java:12) [junit-4.11.jar:na]
	at org.junit.runners.model.FrameworkMethod.invokeExplosively(FrameworkMethod.java:44) [junit-4.11.jar:na]
	at org.junit.internal.runners.statements.InvokeMethod.evaluate(InvokeMethod.java:17) [junit-4.11.jar:na]
	at org.junit.runners.ParentRunner.runLeaf(ParentRunner.java:271) [junit-4.11.jar:na]
	at org.junit.runners.BlockJUnit4ClassRunner.runChild(BlockJUnit4ClassRunner.java:70) [junit-4.11.jar:na]
	at org.junit.runners.BlockJUnit4ClassRunner.runChild(BlockJUnit4ClassRunner.java:50) [junit-4.11.jar:na]
	at org.junit.runners.ParentRunner$3.run(ParentRunner.java:238) [junit-4.11.jar:na]
	at org.junit.runners.ParentRunner$1.schedule(ParentRunner.java:63) [junit-4.11.jar:na]
	at org.junit.runners.ParentRunner.runChildren(ParentRunner.java:236) [junit-4.11.jar:na]
	at org.junit.runners.ParentRunner.access$000(ParentRunner.java:53) [junit-4.11.jar:na]
	at org.junit.runners.ParentRunner$2.evaluate(ParentRunner.java:229) [junit-4.11.jar:na]
	at org.junit.runners.ParentRunner.run(ParentRunner.java:309) [junit-4.11.jar:na]
	at org.eclipse.jdt.internal.junit4.runner.JUnit4TestReference.run(JUnit4TestReference.java:50) [.cp/:na]
	at org.eclipse.jdt.internal.junit.runner.TestExecution.run(TestExecution.java:38) [.cp/:na]
	at org.eclipse.jdt.internal.junit.runner.RemoteTestRunner.runTests(RemoteTestRunner.java:459) [.cp/:na]
	at org.eclipse.jdt.internal.junit.runner.RemoteTestRunner.runTests(RemoteTestRunner.java:675) [.cp/:na]
	at org.eclipse.jdt.internal.junit.runner.RemoteTestRunner.run(RemoteTestRunner.java:382) [.cp/:na]
	at org.eclipse.jdt.internal.junit.runner.RemoteTestRunner.main(RemoteTestRunner.java:192) [.cp/:na]
Caused by: java.security.cert.CertificateException: No name matching localhost found
	at sun.security.util.HostnameChecker.matchDNS(Unknown Source) ~[na:1.7.0_67]
	at sun.security.util.HostnameChecker.match(Unknown Source) ~[na:1.7.0_67]
	at sun.security.ssl.X509TrustManagerImpl.checkIdentity(Unknown Source) ~[na:1.7.0_67]
	at sun.security.ssl.X509TrustManagerImpl.checkTrusted(Unknown Source) ~[na:1.7.0_67]
	at sun.security.ssl.X509TrustManagerImpl.checkServerTrusted(Unknown Source) ~[na:1.7.0_67]
	... 39 common frames omitted
21.10.2014 18:52:55.685 [main] ERROR client.HelloImpl - Certificat error
javax.net.ssl.SSLHandshakeException: java.security.cert.CertificateException: No name matching localhost found
	at sun.security.ssl.Alerts.getSSLException(Unknown Source) ~[na:1.7.0_67]
	at sun.security.ssl.SSLSocketImpl.fatal(Unknown Source) ~[na:1.7.0_67]
	at sun.security.ssl.Handshaker.fatalSE(Unknown Source) ~[na:1.7.0_67]
	at sun.security.ssl.Handshaker.fatalSE(Unknown Source) ~[na:1.7.0_67]
	at sun.security.ssl.ClientHandshaker.serverCertificate(Unknown Source) ~[na:1.7.0_67]
	at sun.security.ssl.ClientHandshaker.processMessage(Unknown Source) ~[na:1.7.0_67]
	at sun.security.ssl.Handshaker.processLoop(Unknown Source) ~[na:1.7.0_67]
	at sun.security.ssl.Handshaker.process_record(Unknown Source) ~[na:1.7.0_67]
	at sun.security.ssl.SSLSocketImpl.readRecord(Unknown Source) ~[na:1.7.0_67]
	at sun.security.ssl.SSLSocketImpl.performInitialHandshake(Unknown Source) ~[na:1.7.0_67]
	at sun.security.ssl.SSLSocketImpl.startHandshake(Unknown Source) ~[na:1.7.0_67]
	at sun.security.ssl.SSLSocketImpl.startHandshake(Unknown Source) ~[na:1.7.0_67]
	at sun.net.www.protocol.https.HttpsClient.afterConnect(Unknown Source) ~[na:1.7.0_67]
	at sun.net.www.protocol.https.AbstractDelegateHttpsURLConnection.connect(Unknown Source) ~[na:1.7.0_67]
	at sun.net.www.protocol.http.HttpURLConnection.getInputStream(Unknown Source) ~[na:1.7.0_67]
	at java.net.HttpURLConnection.getResponseCode(Unknown Source) ~[na:1.7.0_67]
	at sun.net.www.protocol.https.HttpsURLConnectionImpl.getResponseCode(Unknown Source) ~[na:1.7.0_67]
	at client.HelloImpl.getCertificates(HelloImpl.java:43) [bin/:na]
	at client.HelloImpl.hello(HelloImpl.java:37) [bin/:na]
	at client.HelloImplTest.testHello(HelloImplTest.java:12) [bin/:na]
	at sun.reflect.NativeMethodAccessorImpl.invoke0(Native Method) ~[na:1.7.0_67]
	at sun.reflect.NativeMethodAccessorImpl.invoke(Unknown Source) ~[na:1.7.0_67]
	at sun.reflect.DelegatingMethodAccessorImpl.invoke(Unknown Source) ~[na:1.7.0_67]
	at java.lang.reflect.Method.invoke(Unknown Source) ~[na:1.7.0_67]
	at org.junit.runners.model.FrameworkMethod$1.runReflectiveCall(FrameworkMethod.java:47) [junit-4.11.jar:na]
	at org.junit.internal.runners.model.ReflectiveCallable.run(ReflectiveCallable.java:12) [junit-4.11.jar:na]
	at org.junit.runners.model.FrameworkMethod.invokeExplosively(FrameworkMethod.java:44) [junit-4.11.jar:na]
	at org.junit.internal.runners.statements.InvokeMethod.evaluate(InvokeMethod.java:17) [junit-4.11.jar:na]
	at org.junit.runners.ParentRunner.runLeaf(ParentRunner.java:271) [junit-4.11.jar:na]
	at org.junit.runners.BlockJUnit4ClassRunner.runChild(BlockJUnit4ClassRunner.java:70) [junit-4.11.jar:na]
	at org.junit.runners.BlockJUnit4ClassRunner.runChild(BlockJUnit4ClassRunner.java:50) [junit-4.11.jar:na]
	at org.junit.runners.ParentRunner$3.run(ParentRunner.java:238) [junit-4.11.jar:na]
	at org.junit.runners.ParentRunner$1.schedule(ParentRunner.java:63) [junit-4.11.jar:na]
	at org.junit.runners.ParentRunner.runChildren(ParentRunner.java:236) [junit-4.11.jar:na]
	at org.junit.runners.ParentRunner.access$000(ParentRunner.java:53) [junit-4.11.jar:na]
	at org.junit.runners.ParentRunner$2.evaluate(ParentRunner.java:229) [junit-4.11.jar:na]
	at org.junit.runners.ParentRunner.run(ParentRunner.java:309) [junit-4.11.jar:na]
	at org.eclipse.jdt.internal.junit4.runner.JUnit4TestReference.run(JUnit4TestReference.java:50) [.cp/:na]
	at org.eclipse.jdt.internal.junit.runner.TestExecution.run(TestExecution.java:38) [.cp/:na]
	at org.eclipse.jdt.internal.junit.runner.RemoteTestRunner.runTests(RemoteTestRunner.java:459) [.cp/:na]
	at org.eclipse.jdt.internal.junit.runner.RemoteTestRunner.runTests(RemoteTestRunner.java:675) [.cp/:na]
	at org.eclipse.jdt.internal.junit.runner.RemoteTestRunner.run(RemoteTestRunner.java:382) [.cp/:na]
	at org.eclipse.jdt.internal.junit.runner.RemoteTestRunner.main(RemoteTestRunner.java:192) [.cp/:na]
Caused by: java.security.cert.CertificateException: No name matching localhost found
	at sun.security.util.HostnameChecker.matchDNS(Unknown Source) ~[na:1.7.0_67]
	at sun.security.util.HostnameChecker.match(Unknown Source) ~[na:1.7.0_67]
	at sun.security.ssl.X509TrustManagerImpl.checkIdentity(Unknown Source) ~[na:1.7.0_67]
	at sun.security.ssl.X509TrustManagerImpl.checkTrusted(Unknown Source) ~[na:1.7.0_67]
	at sun.security.ssl.X509TrustManagerImpl.checkServerTrusted(Unknown Source) ~[na:1.7.0_67]
	... 39 common frames omitted
21.10.2014 18:54:25.111 [main] ERROR client.HelloImpl - Certificat error
javax.net.ssl.SSLHandshakeException: sun.security.validator.ValidatorException: PKIX path building failed: sun.security.provider.certpath.SunCertPathBuilderException: unable to find valid certification path to requested target
	at sun.security.ssl.Alerts.getSSLException(Unknown Source) ~[na:1.7.0_67]
	at sun.security.ssl.SSLSocketImpl.fatal(Unknown Source) ~[na:1.7.0_67]
	at sun.security.ssl.Handshaker.fatalSE(Unknown Source) ~[na:1.7.0_67]
	at sun.security.ssl.Handshaker.fatalSE(Unknown Source) ~[na:1.7.0_67]
	at sun.security.ssl.ClientHandshaker.serverCertificate(Unknown Source) ~[na:1.7.0_67]
	at sun.security.ssl.ClientHandshaker.processMessage(Unknown Source) ~[na:1.7.0_67]
	at sun.security.ssl.Handshaker.processLoop(Unknown Source) ~[na:1.7.0_67]
	at sun.security.ssl.Handshaker.process_record(Unknown Source) ~[na:1.7.0_67]
	at sun.security.ssl.SSLSocketImpl.readRecord(Unknown Source) ~[na:1.7.0_67]
	at sun.security.ssl.SSLSocketImpl.performInitialHandshake(Unknown Source) ~[na:1.7.0_67]
	at sun.security.ssl.SSLSocketImpl.startHandshake(Unknown Source) ~[na:1.7.0_67]
	at sun.security.ssl.SSLSocketImpl.startHandshake(Unknown Source) ~[na:1.7.0_67]
	at sun.net.www.protocol.https.HttpsClient.afterConnect(Unknown Source) ~[na:1.7.0_67]
	at sun.net.www.protocol.https.AbstractDelegateHttpsURLConnection.connect(Unknown Source) ~[na:1.7.0_67]
	at sun.net.www.protocol.http.HttpURLConnection.getInputStream(Unknown Source) ~[na:1.7.0_67]
	at java.net.HttpURLConnection.getResponseCode(Unknown Source) ~[na:1.7.0_67]
	at sun.net.www.protocol.https.HttpsURLConnectionImpl.getResponseCode(Unknown Source) ~[na:1.7.0_67]
	at client.HelloImpl.getCertificates(HelloImpl.java:58) [bin/:na]
	at client.HelloImpl.hello(HelloImpl.java:52) [bin/:na]
	at client.HelloImplTest.testHello(HelloImplTest.java:12) [bin/:na]
	at sun.reflect.NativeMethodAccessorImpl.invoke0(Native Method) ~[na:1.7.0_67]
	at sun.reflect.NativeMethodAccessorImpl.invoke(Unknown Source) ~[na:1.7.0_67]
	at sun.reflect.DelegatingMethodAccessorImpl.invoke(Unknown Source) ~[na:1.7.0_67]
	at java.lang.reflect.Method.invoke(Unknown Source) ~[na:1.7.0_67]
	at org.junit.runners.model.FrameworkMethod$1.runReflectiveCall(FrameworkMethod.java:47) [junit-4.11.jar:na]
	at org.junit.internal.runners.model.ReflectiveCallable.run(ReflectiveCallable.java:12) [junit-4.11.jar:na]
	at org.junit.runners.model.FrameworkMethod.invokeExplosively(FrameworkMethod.java:44) [junit-4.11.jar:na]
	at org.junit.internal.runners.statements.InvokeMethod.evaluate(InvokeMethod.java:17) [junit-4.11.jar:na]
	at org.junit.runners.ParentRunner.runLeaf(ParentRunner.java:271) [junit-4.11.jar:na]
	at org.junit.runners.BlockJUnit4ClassRunner.runChild(BlockJUnit4ClassRunner.java:70) [junit-4.11.jar:na]
	at org.junit.runners.BlockJUnit4ClassRunner.runChild(BlockJUnit4ClassRunner.java:50) [junit-4.11.jar:na]
	at org.junit.runners.ParentRunner$3.run(ParentRunner.java:238) [junit-4.11.jar:na]
	at org.junit.runners.ParentRunner$1.schedule(ParentRunner.java:63) [junit-4.11.jar:na]
	at org.junit.runners.ParentRunner.runChildren(ParentRunner.java:236) [junit-4.11.jar:na]
	at org.junit.runners.ParentRunner.access$000(ParentRunner.java:53) [junit-4.11.jar:na]
	at org.junit.runners.ParentRunner$2.evaluate(ParentRunner.java:229) [junit-4.11.jar:na]
	at org.junit.runners.ParentRunner.run(ParentRunner.java:309) [junit-4.11.jar:na]
	at org.eclipse.jdt.internal.junit4.runner.JUnit4TestReference.run(JUnit4TestReference.java:50) [.cp/:na]
	at org.eclipse.jdt.internal.junit.runner.TestExecution.run(TestExecution.java:38) [.cp/:na]
	at org.eclipse.jdt.internal.junit.runner.RemoteTestRunner.runTests(RemoteTestRunner.java:459) [.cp/:na]
	at org.eclipse.jdt.internal.junit.runner.RemoteTestRunner.runTests(RemoteTestRunner.java:675) [.cp/:na]
	at org.eclipse.jdt.internal.junit.runner.RemoteTestRunner.run(RemoteTestRunner.java:382) [.cp/:na]
	at org.eclipse.jdt.internal.junit.runner.RemoteTestRunner.main(RemoteTestRunner.java:192) [.cp/:na]
Caused by: sun.security.validator.ValidatorException: PKIX path building failed: sun.security.provider.certpath.SunCertPathBuilderException: unable to find valid certification path to requested target
	at sun.security.validator.PKIXValidator.doBuild(Unknown Source) ~[na:1.7.0_67]
	at sun.security.validator.PKIXValidator.engineValidate(Unknown Source) ~[na:1.7.0_67]
	at sun.security.validator.Validator.validate(Unknown Source) ~[na:1.7.0_67]
	at sun.security.ssl.X509TrustManagerImpl.validate(Unknown Source) ~[na:1.7.0_67]
	at sun.security.ssl.X509TrustManagerImpl.checkTrusted(Unknown Source) ~[na:1.7.0_67]
	at sun.security.ssl.X509TrustManagerImpl.checkServerTrusted(Unknown Source) ~[na:1.7.0_67]
	... 39 common frames omitted
Caused by: sun.security.provider.certpath.SunCertPathBuilderException: unable to find valid certification path to requested target
	at sun.security.provider.certpath.SunCertPathBuilder.engineBuild(Unknown Source) ~[na:1.7.0_67]
	at java.security.cert.CertPathBuilder.build(Unknown Source) ~[na:1.7.0_67]
	... 45 common frames omitted
22.10.2014 09:49:17.266 [main] ERROR client.HelloImpl - Certificat error
javax.net.ssl.SSLHandshakeException: java.security.cert.CertificateException: No name matching localhost found
	at sun.security.ssl.Alerts.getSSLException(Unknown Source) ~[na:1.7.0_67]
	at sun.security.ssl.SSLSocketImpl.fatal(Unknown Source) ~[na:1.7.0_67]
	at sun.security.ssl.Handshaker.fatalSE(Unknown Source) ~[na:1.7.0_67]
	at sun.security.ssl.Handshaker.fatalSE(Unknown Source) ~[na:1.7.0_67]
	at sun.security.ssl.ClientHandshaker.serverCertificate(Unknown Source) ~[na:1.7.0_67]
	at sun.security.ssl.ClientHandshaker.processMessage(Unknown Source) ~[na:1.7.0_67]
	at sun.security.ssl.Handshaker.processLoop(Unknown Source) ~[na:1.7.0_67]
	at sun.security.ssl.Handshaker.process_record(Unknown Source) ~[na:1.7.0_67]
	at sun.security.ssl.SSLSocketImpl.readRecord(Unknown Source) ~[na:1.7.0_67]
	at sun.security.ssl.SSLSocketImpl.performInitialHandshake(Unknown Source) ~[na:1.7.0_67]
	at sun.security.ssl.SSLSocketImpl.startHandshake(Unknown Source) ~[na:1.7.0_67]
	at sun.security.ssl.SSLSocketImpl.startHandshake(Unknown Source) ~[na:1.7.0_67]
	at sun.net.www.protocol.https.HttpsClient.afterConnect(Unknown Source) ~[na:1.7.0_67]
	at sun.net.www.protocol.https.AbstractDelegateHttpsURLConnection.connect(Unknown Source) ~[na:1.7.0_67]
	at sun.net.www.protocol.http.HttpURLConnection.getInputStream(Unknown Source) ~[na:1.7.0_67]
	at java.net.HttpURLConnection.getResponseCode(Unknown Source) ~[na:1.7.0_67]
	at sun.net.www.protocol.https.HttpsURLConnectionImpl.getResponseCode(Unknown Source) ~[na:1.7.0_67]
	at client.HelloImpl.getCertificates(HelloImpl.java:38) [bin/:na]
	at client.HelloImpl.hello(HelloImpl.java:32) [bin/:na]
	at client.HelloImplTest.testHello(HelloImplTest.java:12) [bin/:na]
	at sun.reflect.NativeMethodAccessorImpl.invoke0(Native Method) ~[na:1.7.0_67]
	at sun.reflect.NativeMethodAccessorImpl.invoke(Unknown Source) ~[na:1.7.0_67]
	at sun.reflect.DelegatingMethodAccessorImpl.invoke(Unknown Source) ~[na:1.7.0_67]
	at java.lang.reflect.Method.invoke(Unknown Source) ~[na:1.7.0_67]
	at org.junit.runners.model.FrameworkMethod$1.runReflectiveCall(FrameworkMethod.java:47) [junit-4.11.jar:na]
	at org.junit.internal.runners.model.ReflectiveCallable.run(ReflectiveCallable.java:12) [junit-4.11.jar:na]
	at org.junit.runners.model.FrameworkMethod.invokeExplosively(FrameworkMethod.java:44) [junit-4.11.jar:na]
	at org.junit.internal.runners.statements.InvokeMethod.evaluate(InvokeMethod.java:17) [junit-4.11.jar:na]
	at org.junit.runners.ParentRunner.runLeaf(ParentRunner.java:271) [junit-4.11.jar:na]
	at org.junit.runners.BlockJUnit4ClassRunner.runChild(BlockJUnit4ClassRunner.java:70) [junit-4.11.jar:na]
	at org.junit.runners.BlockJUnit4ClassRunner.runChild(BlockJUnit4ClassRunner.java:50) [junit-4.11.jar:na]
	at org.junit.runners.ParentRunner$3.run(ParentRunner.java:238) [junit-4.11.jar:na]
	at org.junit.runners.ParentRunner$1.schedule(ParentRunner.java:63) [junit-4.11.jar:na]
	at org.junit.runners.ParentRunner.runChildren(ParentRunner.java:236) [junit-4.11.jar:na]
	at org.junit.runners.ParentRunner.access$000(ParentRunner.java:53) [junit-4.11.jar:na]
	at org.junit.runners.ParentRunner$2.evaluate(ParentRunner.java:229) [junit-4.11.jar:na]
	at org.junit.runners.ParentRunner.run(ParentRunner.java:309) [junit-4.11.jar:na]
	at org.eclipse.jdt.internal.junit4.runner.JUnit4TestReference.run(JUnit4TestReference.java:50) [.cp/:na]
	at org.eclipse.jdt.internal.junit.runner.TestExecution.run(TestExecution.java:38) [.cp/:na]
	at org.eclipse.jdt.internal.junit.runner.RemoteTestRunner.runTests(RemoteTestRunner.java:459) [.cp/:na]
	at org.eclipse.jdt.internal.junit.runner.RemoteTestRunner.runTests(RemoteTestRunner.java:675) [.cp/:na]
	at org.eclipse.jdt.internal.junit.runner.RemoteTestRunner.run(RemoteTestRunner.java:382) [.cp/:na]
	at org.eclipse.jdt.internal.junit.runner.RemoteTestRunner.main(RemoteTestRunner.java:192) [.cp/:na]
Caused by: java.security.cert.CertificateException: No name matching localhost found
	at sun.security.util.HostnameChecker.matchDNS(Unknown Source) ~[na:1.7.0_67]
	at sun.security.util.HostnameChecker.match(Unknown Source) ~[na:1.7.0_67]
	at sun.security.ssl.X509TrustManagerImpl.checkIdentity(Unknown Source) ~[na:1.7.0_67]
	at sun.security.ssl.X509TrustManagerImpl.checkTrusted(Unknown Source) ~[na:1.7.0_67]
	at sun.security.ssl.X509TrustManagerImpl.checkServerTrusted(Unknown Source) ~[na:1.7.0_67]
	... 39 common frames omitted
22.10.2014 12:40:12.396 [main] ERROR client.HelloImpl - Handshake error
java.security.NoSuchAlgorithmException: TSL SSLContext not available
	at sun.security.jca.GetInstance.getInstance(Unknown Source) ~[na:1.7.0_67]
	at javax.net.ssl.SSLContext.getInstance(Unknown Source) ~[na:1.7.0_67]
	at client.HelloImpl.handShake(HelloImpl.java:78) ~[bin/:na]
	at client.HelloImpl.hello(HelloImpl.java:47) ~[bin/:na]
	at client.HelloImplTest.testHello(HelloImplTest.java:28) [bin/:na]
	at sun.reflect.NativeMethodAccessorImpl.invoke0(Native Method) ~[na:1.7.0_67]
	at sun.reflect.NativeMethodAccessorImpl.invoke(Unknown Source) ~[na:1.7.0_67]
	at sun.reflect.DelegatingMethodAccessorImpl.invoke(Unknown Source) ~[na:1.7.0_67]
	at java.lang.reflect.Method.invoke(Unknown Source) ~[na:1.7.0_67]
	at org.junit.runners.model.FrameworkMethod$1.runReflectiveCall(FrameworkMethod.java:47) [junit-4.11.jar:na]
	at org.junit.internal.runners.model.ReflectiveCallable.run(ReflectiveCallable.java:12) [junit-4.11.jar:na]
	at org.junit.runners.model.FrameworkMethod.invokeExplosively(FrameworkMethod.java:44) [junit-4.11.jar:na]
	at org.junit.internal.runners.statements.InvokeMethod.evaluate(InvokeMethod.java:17) [junit-4.11.jar:na]
	at org.junit.runners.ParentRunner.runLeaf(ParentRunner.java:271) [junit-4.11.jar:na]
	at org.junit.runners.BlockJUnit4ClassRunner.runChild(BlockJUnit4ClassRunner.java:70) [junit-4.11.jar:na]
	at org.junit.runners.BlockJUnit4ClassRunner.runChild(BlockJUnit4ClassRunner.java:50) [junit-4.11.jar:na]
	at org.junit.runners.ParentRunner$3.run(ParentRunner.java:238) [junit-4.11.jar:na]
	at org.junit.runners.ParentRunner$1.schedule(ParentRunner.java:63) [junit-4.11.jar:na]
	at org.junit.runners.ParentRunner.runChildren(ParentRunner.java:236) [junit-4.11.jar:na]
	at org.junit.runners.ParentRunner.access$000(ParentRunner.java:53) [junit-4.11.jar:na]
	at org.junit.runners.ParentRunner$2.evaluate(ParentRunner.java:229) [junit-4.11.jar:na]
	at org.junit.runners.ParentRunner.run(ParentRunner.java:309) [junit-4.11.jar:na]
	at org.eclipse.jdt.internal.junit4.runner.JUnit4TestReference.run(JUnit4TestReference.java:50) [.cp/:na]
	at org.eclipse.jdt.internal.junit.runner.TestExecution.run(TestExecution.java:38) [.cp/:na]
	at org.eclipse.jdt.internal.junit.runner.RemoteTestRunner.runTests(RemoteTestRunner.java:459) [.cp/:na]
	at org.eclipse.jdt.internal.junit.runner.RemoteTestRunner.runTests(RemoteTestRunner.java:675) [.cp/:na]
	at org.eclipse.jdt.internal.junit.runner.RemoteTestRunner.run(RemoteTestRunner.java:382) [.cp/:na]
	at org.eclipse.jdt.internal.junit.runner.RemoteTestRunner.main(RemoteTestRunner.java:192) [.cp/:na]
22.10.2014 12:41:04.631 [main] ERROR client.HelloImpl - Connection error
javax.net.ssl.SSLHandshakeException: java.security.cert.CertificateException: No name matching localhost found
	at sun.security.ssl.Alerts.getSSLException(Unknown Source) ~[na:1.7.0_67]
	at sun.security.ssl.SSLSocketImpl.fatal(Unknown Source) ~[na:1.7.0_67]
	at sun.security.ssl.Handshaker.fatalSE(Unknown Source) ~[na:1.7.0_67]
	at sun.security.ssl.Handshaker.fatalSE(Unknown Source) ~[na:1.7.0_67]
	at sun.security.ssl.ClientHandshaker.serverCertificate(Unknown Source) ~[na:1.7.0_67]
	at sun.security.ssl.ClientHandshaker.processMessage(Unknown Source) ~[na:1.7.0_67]
	at sun.security.ssl.Handshaker.processLoop(Unknown Source) ~[na:1.7.0_67]
	at sun.security.ssl.Handshaker.process_record(Unknown Source) ~[na:1.7.0_67]
	at sun.security.ssl.SSLSocketImpl.readRecord(Unknown Source) ~[na:1.7.0_67]
	at sun.security.ssl.SSLSocketImpl.performInitialHandshake(Unknown Source) ~[na:1.7.0_67]
	at sun.security.ssl.SSLSocketImpl.startHandshake(Unknown Source) ~[na:1.7.0_67]
	at sun.security.ssl.SSLSocketImpl.startHandshake(Unknown Source) ~[na:1.7.0_67]
	at sun.net.www.protocol.https.HttpsClient.afterConnect(Unknown Source) ~[na:1.7.0_67]
	at sun.net.www.protocol.https.AbstractDelegateHttpsURLConnection.connect(Unknown Source) ~[na:1.7.0_67]
	at sun.net.www.protocol.https.HttpsURLConnectionImpl.connect(Unknown Source) ~[na:1.7.0_67]
	at client.HelloImpl.hello(HelloImpl.java:61) ~[bin/:na]
	at client.HelloImplTest.testHello(HelloImplTest.java:28) [bin/:na]
	at sun.reflect.NativeMethodAccessorImpl.invoke0(Native Method) ~[na:1.7.0_67]
	at sun.reflect.NativeMethodAccessorImpl.invoke(Unknown Source) ~[na:1.7.0_67]
	at sun.reflect.DelegatingMethodAccessorImpl.invoke(Unknown Source) ~[na:1.7.0_67]
	at java.lang.reflect.Method.invoke(Unknown Source) ~[na:1.7.0_67]
	at org.junit.runners.model.FrameworkMethod$1.runReflectiveCall(FrameworkMethod.java:47) [junit-4.11.jar:na]
	at org.junit.internal.runners.model.ReflectiveCallable.run(ReflectiveCallable.java:12) [junit-4.11.jar:na]
	at org.junit.runners.model.FrameworkMethod.invokeExplosively(FrameworkMethod.java:44) [junit-4.11.jar:na]
	at org.junit.internal.runners.statements.InvokeMethod.evaluate(InvokeMethod.java:17) [junit-4.11.jar:na]
	at org.junit.runners.ParentRunner.runLeaf(ParentRunner.java:271) [junit-4.11.jar:na]
	at org.junit.runners.BlockJUnit4ClassRunner.runChild(BlockJUnit4ClassRunner.java:70) [junit-4.11.jar:na]
	at org.junit.runners.BlockJUnit4ClassRunner.runChild(BlockJUnit4ClassRunner.java:50) [junit-4.11.jar:na]
	at org.junit.runners.ParentRunner$3.run(ParentRunner.java:238) [junit-4.11.jar:na]
	at org.junit.runners.ParentRunner$1.schedule(ParentRunner.java:63) [junit-4.11.jar:na]
	at org.junit.runners.ParentRunner.runChildren(ParentRunner.java:236) [junit-4.11.jar:na]
	at org.junit.runners.ParentRunner.access$000(ParentRunner.java:53) [junit-4.11.jar:na]
	at org.junit.runners.ParentRunner$2.evaluate(ParentRunner.java:229) [junit-4.11.jar:na]
	at org.junit.runners.ParentRunner.run(ParentRunner.java:309) [junit-4.11.jar:na]
	at org.eclipse.jdt.internal.junit4.runner.JUnit4TestReference.run(JUnit4TestReference.java:50) [.cp/:na]
	at org.eclipse.jdt.internal.junit.runner.TestExecution.run(TestExecution.java:38) [.cp/:na]
	at org.eclipse.jdt.internal.junit.runner.RemoteTestRunner.runTests(RemoteTestRunner.java:459) [.cp/:na]
	at org.eclipse.jdt.internal.junit.runner.RemoteTestRunner.runTests(RemoteTestRunner.java:675) [.cp/:na]
	at org.eclipse.jdt.internal.junit.runner.RemoteTestRunner.run(RemoteTestRunner.java:382) [.cp/:na]
	at org.eclipse.jdt.internal.junit.runner.RemoteTestRunner.main(RemoteTestRunner.java:192) [.cp/:na]
Caused by: java.security.cert.CertificateException: No name matching localhost found
	at sun.security.util.HostnameChecker.matchDNS(Unknown Source) ~[na:1.7.0_67]
	at sun.security.util.HostnameChecker.match(Unknown Source) ~[na:1.7.0_67]
	at sun.security.ssl.X509TrustManagerImpl.checkIdentity(Unknown Source) ~[na:1.7.0_67]
	at sun.security.ssl.X509TrustManagerImpl.checkTrusted(Unknown Source) ~[na:1.7.0_67]
	at sun.security.ssl.X509TrustManagerImpl.checkServerTrusted(Unknown Source) ~[na:1.7.0_67]
	... 36 common frames omitted
22.10.2014 12:41:30.310 [main] ERROR client.HelloImpl - Connection error
javax.net.ssl.SSLHandshakeException: java.security.cert.CertificateException: No name matching localhost found
	at sun.security.ssl.Alerts.getSSLException(Unknown Source) ~[na:1.7.0_67]
	at sun.security.ssl.SSLSocketImpl.fatal(Unknown Source) ~[na:1.7.0_67]
	at sun.security.ssl.Handshaker.fatalSE(Unknown Source) ~[na:1.7.0_67]
	at sun.security.ssl.Handshaker.fatalSE(Unknown Source) ~[na:1.7.0_67]
	at sun.security.ssl.ClientHandshaker.serverCertificate(Unknown Source) ~[na:1.7.0_67]
	at sun.security.ssl.ClientHandshaker.processMessage(Unknown Source) ~[na:1.7.0_67]
	at sun.security.ssl.Handshaker.processLoop(Unknown Source) ~[na:1.7.0_67]
	at sun.security.ssl.Handshaker.process_record(Unknown Source) ~[na:1.7.0_67]
	at sun.security.ssl.SSLSocketImpl.readRecord(Unknown Source) ~[na:1.7.0_67]
	at sun.security.ssl.SSLSocketImpl.performInitialHandshake(Unknown Source) ~[na:1.7.0_67]
	at sun.security.ssl.SSLSocketImpl.startHandshake(Unknown Source) ~[na:1.7.0_67]
	at sun.security.ssl.SSLSocketImpl.startHandshake(Unknown Source) ~[na:1.7.0_67]
	at sun.net.www.protocol.https.HttpsClient.afterConnect(Unknown Source) ~[na:1.7.0_67]
	at sun.net.www.protocol.https.AbstractDelegateHttpsURLConnection.connect(Unknown Source) ~[na:1.7.0_67]
	at sun.net.www.protocol.https.HttpsURLConnectionImpl.connect(Unknown Source) ~[na:1.7.0_67]
	at client.HelloImpl.hello(HelloImpl.java:61) ~[bin/:na]
	at client.HelloImplTest.testHello(HelloImplTest.java:28) [bin/:na]
	at sun.reflect.NativeMethodAccessorImpl.invoke0(Native Method) ~[na:1.7.0_67]
	at sun.reflect.NativeMethodAccessorImpl.invoke(Unknown Source) ~[na:1.7.0_67]
	at sun.reflect.DelegatingMethodAccessorImpl.invoke(Unknown Source) ~[na:1.7.0_67]
	at java.lang.reflect.Method.invoke(Unknown Source) ~[na:1.7.0_67]
	at org.junit.runners.model.FrameworkMethod$1.runReflectiveCall(FrameworkMethod.java:47) [junit-4.11.jar:na]
	at org.junit.internal.runners.model.ReflectiveCallable.run(ReflectiveCallable.java:12) [junit-4.11.jar:na]
	at org.junit.runners.model.FrameworkMethod.invokeExplosively(FrameworkMethod.java:44) [junit-4.11.jar:na]
	at org.junit.internal.runners.statements.InvokeMethod.evaluate(InvokeMethod.java:17) [junit-4.11.jar:na]
	at org.junit.runners.ParentRunner.runLeaf(ParentRunner.java:271) [junit-4.11.jar:na]
	at org.junit.runners.BlockJUnit4ClassRunner.runChild(BlockJUnit4ClassRunner.java:70) [junit-4.11.jar:na]
	at org.junit.runners.BlockJUnit4ClassRunner.runChild(BlockJUnit4ClassRunner.java:50) [junit-4.11.jar:na]
	at org.junit.runners.ParentRunner$3.run(ParentRunner.java:238) [junit-4.11.jar:na]
	at org.junit.runners.ParentRunner$1.schedule(ParentRunner.java:63) [junit-4.11.jar:na]
	at org.junit.runners.ParentRunner.runChildren(ParentRunner.java:236) [junit-4.11.jar:na]
	at org.junit.runners.ParentRunner.access$000(ParentRunner.java:53) [junit-4.11.jar:na]
	at org.junit.runners.ParentRunner$2.evaluate(ParentRunner.java:229) [junit-4.11.jar:na]
	at org.junit.runners.ParentRunner.run(ParentRunner.java:309) [junit-4.11.jar:na]
	at org.eclipse.jdt.internal.junit4.runner.JUnit4TestReference.run(JUnit4TestReference.java:50) [.cp/:na]
	at org.eclipse.jdt.internal.junit.runner.TestExecution.run(TestExecution.java:38) [.cp/:na]
	at org.eclipse.jdt.internal.junit.runner.RemoteTestRunner.runTests(RemoteTestRunner.java:459) [.cp/:na]
	at org.eclipse.jdt.internal.junit.runner.RemoteTestRunner.runTests(RemoteTestRunner.java:675) [.cp/:na]
	at org.eclipse.jdt.internal.junit.runner.RemoteTestRunner.run(RemoteTestRunner.java:382) [.cp/:na]
	at org.eclipse.jdt.internal.junit.runner.RemoteTestRunner.main(RemoteTestRunner.java:192) [.cp/:na]
Caused by: java.security.cert.CertificateException: No name matching localhost found
	at sun.security.util.HostnameChecker.matchDNS(Unknown Source) ~[na:1.7.0_67]
	at sun.security.util.HostnameChecker.match(Unknown Source) ~[na:1.7.0_67]
	at sun.security.ssl.X509TrustManagerImpl.checkIdentity(Unknown Source) ~[na:1.7.0_67]
	at sun.security.ssl.X509TrustManagerImpl.checkTrusted(Unknown Source) ~[na:1.7.0_67]
	at sun.security.ssl.X509TrustManagerImpl.checkServerTrusted(Unknown Source) ~[na:1.7.0_67]
	... 36 common frames omitted
22.10.2014 12:44:36.759 [main] ERROR client.HelloImpl - Connection error
javax.net.ssl.SSLHandshakeException: java.security.cert.CertificateException: No name matching localhost found
	at sun.security.ssl.Alerts.getSSLException(Unknown Source) ~[na:1.7.0_67]
	at sun.security.ssl.SSLSocketImpl.fatal(Unknown Source) ~[na:1.7.0_67]
	at sun.security.ssl.Handshaker.fatalSE(Unknown Source) ~[na:1.7.0_67]
	at sun.security.ssl.Handshaker.fatalSE(Unknown Source) ~[na:1.7.0_67]
	at sun.security.ssl.ClientHandshaker.serverCertificate(Unknown Source) ~[na:1.7.0_67]
	at sun.security.ssl.ClientHandshaker.processMessage(Unknown Source) ~[na:1.7.0_67]
	at sun.security.ssl.Handshaker.processLoop(Unknown Source) ~[na:1.7.0_67]
	at sun.security.ssl.Handshaker.process_record(Unknown Source) ~[na:1.7.0_67]
	at sun.security.ssl.SSLSocketImpl.readRecord(Unknown Source) ~[na:1.7.0_67]
	at sun.security.ssl.SSLSocketImpl.performInitialHandshake(Unknown Source) ~[na:1.7.0_67]
	at sun.security.ssl.SSLSocketImpl.startHandshake(Unknown Source) ~[na:1.7.0_67]
	at sun.security.ssl.SSLSocketImpl.startHandshake(Unknown Source) ~[na:1.7.0_67]
	at sun.net.www.protocol.https.HttpsClient.afterConnect(Unknown Source) ~[na:1.7.0_67]
	at sun.net.www.protocol.https.AbstractDelegateHttpsURLConnection.connect(Unknown Source) ~[na:1.7.0_67]
	at sun.net.www.protocol.https.HttpsURLConnectionImpl.connect(Unknown Source) ~[na:1.7.0_67]
	at client.HelloImpl.hello(HelloImpl.java:61) ~[bin/:na]
	at client.HelloImplTest.testHello(HelloImplTest.java:28) [bin/:na]
	at sun.reflect.NativeMethodAccessorImpl.invoke0(Native Method) ~[na:1.7.0_67]
	at sun.reflect.NativeMethodAccessorImpl.invoke(Unknown Source) ~[na:1.7.0_67]
	at sun.reflect.DelegatingMethodAccessorImpl.invoke(Unknown Source) ~[na:1.7.0_67]
	at java.lang.reflect.Method.invoke(Unknown Source) ~[na:1.7.0_67]
	at org.junit.runners.model.FrameworkMethod$1.runReflectiveCall(FrameworkMethod.java:47) [junit-4.11.jar:na]
	at org.junit.internal.runners.model.ReflectiveCallable.run(ReflectiveCallable.java:12) [junit-4.11.jar:na]
	at org.junit.runners.model.FrameworkMethod.invokeExplosively(FrameworkMethod.java:44) [junit-4.11.jar:na]
	at org.junit.internal.runners.statements.InvokeMethod.evaluate(InvokeMethod.java:17) [junit-4.11.jar:na]
	at org.junit.runners.ParentRunner.runLeaf(ParentRunner.java:271) [junit-4.11.jar:na]
	at org.junit.runners.BlockJUnit4ClassRunner.runChild(BlockJUnit4ClassRunner.java:70) [junit-4.11.jar:na]
	at org.junit.runners.BlockJUnit4ClassRunner.runChild(BlockJUnit4ClassRunner.java:50) [junit-4.11.jar:na]
	at org.junit.runners.ParentRunner$3.run(ParentRunner.java:238) [junit-4.11.jar:na]
	at org.junit.runners.ParentRunner$1.schedule(ParentRunner.java:63) [junit-4.11.jar:na]
	at org.junit.runners.ParentRunner.runChildren(ParentRunner.java:236) [junit-4.11.jar:na]
	at org.junit.runners.ParentRunner.access$000(ParentRunner.java:53) [junit-4.11.jar:na]
	at org.junit.runners.ParentRunner$2.evaluate(ParentRunner.java:229) [junit-4.11.jar:na]
	at org.junit.runners.ParentRunner.run(ParentRunner.java:309) [junit-4.11.jar:na]
	at org.eclipse.jdt.internal.junit4.runner.JUnit4TestReference.run(JUnit4TestReference.java:50) [.cp/:na]
	at org.eclipse.jdt.internal.junit.runner.TestExecution.run(TestExecution.java:38) [.cp/:na]
	at org.eclipse.jdt.internal.junit.runner.RemoteTestRunner.runTests(RemoteTestRunner.java:459) [.cp/:na]
	at org.eclipse.jdt.internal.junit.runner.RemoteTestRunner.runTests(RemoteTestRunner.java:675) [.cp/:na]
	at org.eclipse.jdt.internal.junit.runner.RemoteTestRunner.run(RemoteTestRunner.java:382) [.cp/:na]
	at org.eclipse.jdt.internal.junit.runner.RemoteTestRunner.main(RemoteTestRunner.java:192) [.cp/:na]
Caused by: java.security.cert.CertificateException: No name matching localhost found
	at sun.security.util.HostnameChecker.matchDNS(Unknown Source) ~[na:1.7.0_67]
	at sun.security.util.HostnameChecker.match(Unknown Source) ~[na:1.7.0_67]
	at sun.security.ssl.X509TrustManagerImpl.checkIdentity(Unknown Source) ~[na:1.7.0_67]
	at sun.security.ssl.X509TrustManagerImpl.checkTrusted(Unknown Source) ~[na:1.7.0_67]
	at sun.security.ssl.X509TrustManagerImpl.checkServerTrusted(Unknown Source) ~[na:1.7.0_67]
	... 36 common frames omitted
